<?xml version="1.0" encoding="UTF-8"?>
<!-- Generated by org.testng.reporters.JUnitReportReporter -->
<testsuite hostname="P3BLAP-138M1D6" failures="0" tests="9" name="api.test.DDTest" time="23.122" errors="0" timestamp="2024-10-07T12:10:30 IST" skipped="0">
  <testcase classname="api.test.DDTest" name="testPostUsers" time="1.174"/>
  <testcase classname="api.test.DDTest" name="testPostUsers" time="14.135"/>
  <testcase classname="api.test.DDTest" name="testPostUsers" time="1.116"/>
  <testcase classname="api.test.DDTest" name="testGetUserByName" time="1.053"/>
  <testcase classname="api.test.DDTest" name="testGetUserByName" time="1.434"/>
  <testcase classname="api.test.DDTest" name="testGetUserByName" time="1.097"/>
  <testcase classname="api.test.DDTest" name="testDeleteUserByName" time="1.056"/>
  <testcase classname="api.test.DDTest" name="testDeleteUserByName" time="1.020"/>
  <testcase classname="api.test.DDTest" name="testDeleteUserByName" time="1.037"/>
</testsuite> <!-- api.test.DDTest -->
