<?xml version="1.0" encoding="UTF-8"?>
<!-- Generated by org.testng.reporters.JUnitReportReporter -->
<testsuite hostname="P3BLAP-138M1D6" failures="0" tests="4" name="api.test.UserTests" time="24.265" errors="0" timestamp="2024-10-11T09:01:45 IST" skipped="0">
  <testcase classname="api.test.UserTests" name="testPostUser" time="19.416"/>
  <testcase classname="api.test.UserTests" name="testGetUserByName" time="1.200"/>
  <testcase classname="api.test.UserTests" name="testUpdateUserByName" time="2.446"/>
  <testcase classname="api.test.UserTests" name="testDeleteUserByName" time="1.203"/>
</testsuite> <!-- api.test.UserTests -->
