<?xml version="1.0" encoding="UTF-8"?>
<!-- Generated by org.testng.reporters.JUnitReportReporter -->
<testsuite hostname="P3BLAP-138M1D6" failures="0" tests="4" name="api.test.UserTests" time="18.428" errors="0" timestamp="2024-10-08T08:49:33 IST" skipped="0">
  <testcase classname="api.test.UserTests" name="testPostUser" time="14.256"/>
  <testcase classname="api.test.UserTests" name="testGetUserByName" time="1.063"/>
  <testcase classname="api.test.UserTests" name="testUpdateUserByName" time="2.051"/>
  <testcase classname="api.test.UserTests" name="testDeleteUserByName" time="1.058"/>
</testsuite> <!-- api.test.UserTests -->
