<?xml version="1.0" encoding="UTF-8"?>
<!-- Generated by org.testng.reporters.JUnitReportReporter -->
<testsuite hostname="P3BLAP-138M1D6" failures="0" tests="4" name="api.test.UserTests2" time="22.140" errors="0" timestamp="2024-10-10T08:49:01 IST" skipped="0">
  <testcase classname="api.test.UserTests2" name="testPostUser" time="16.835"/>
  <testcase classname="api.test.UserTests2" name="testGetUserByName" time="1.434"/>
  <testcase classname="api.test.UserTests2" name="testUpdateUserByName" time="2.651"/>
  <testcase classname="api.test.UserTests2" name="testDeleteUserByName" time="1.220"/>
</testsuite> <!-- api.test.UserTests2 -->
