<?xml version="1.0" encoding="UTF-8"?>
<!-- Generated by org.testng.reporters.JUnitReportReporter -->
<testsuite hostname="P3BLAP-138M1D6" failures="0" tests="4" name="api.test.UserTests" time="21.233" errors="0" timestamp="2024-10-10T08:49:52 IST" skipped="0">
  <testcase classname="api.test.UserTests" name="testPostUser" time="15.918"/>
  <testcase classname="api.test.UserTests" name="testGetUserByName" time="1.352"/>
  <testcase classname="api.test.UserTests" name="testUpdateUserByName" time="2.635"/>
  <testcase classname="api.test.UserTests" name="testDeleteUserByName" time="1.328"/>
</testsuite> <!-- api.test.UserTests -->
