<?xml version="1.0" encoding="UTF-8"?>
<!-- Generated by org.testng.reporters.JUnitReportReporter -->
<testsuite hostname="P3BLAP-138M1D6" failures="0" tests="4" name="api.test.UserTests2" time="7.356" errors="0" timestamp="2024-10-11T09:01:45 IST" skipped="0">
  <testcase classname="api.test.UserTests2" name="testPostUser" time="1.151"/>
  <testcase classname="api.test.UserTests2" name="testGetUserByName" time="1.170"/>
  <testcase classname="api.test.UserTests2" name="testUpdateUserByName" time="3.731"/>
  <testcase classname="api.test.UserTests2" name="testDeleteUserByName" time="1.304"/>
</testsuite> <!-- api.test.UserTests2 -->
