<?xml version="1.0" encoding="UTF-8"?>
<!-- Generated by org.testng.reporters.JUnitReportReporter -->
<testsuite hostname="P3BLAP-138M1D6" failures="0" tests="4" name="api.test.UserTests2" time="21.028" errors="0" timestamp="2024-10-09T08:41:15 IST" skipped="0">
  <testcase classname="api.test.UserTests2" name="testPostUser" time="16.081"/>
  <testcase classname="api.test.UserTests2" name="testGetUserByName" time="1.167"/>
  <testcase classname="api.test.UserTests2" name="testUpdateUserByName" time="2.545"/>
  <testcase classname="api.test.UserTests2" name="testDeleteUserByName" time="1.235"/>
</testsuite> <!-- api.test.UserTests2 -->
