<?xml version="1.0" encoding="UTF-8"?>
<!-- Generated by org.testng.reporters.JUnitReportReporter -->
<testsuite hostname="P3BLAP-138M1D6" failures="0" tests="2" name="api.test.UserTests" time="19.745" errors="0" timestamp="2024-10-06T18:54:20 IST" skipped="0">
  <testcase classname="api.test.UserTests" name="testPostUser" time="18.347"/>
  <testcase classname="api.test.UserTests" name="testGetUserByName" time="1.398"/>
</testsuite> <!-- api.test.UserTests -->
